2022-06-09 20:19:35 [INFO ] [Browser] - [startBrowser] Selected Browser is: chrome
2022-06-09 20:19:54 [INFO ] [Browser] - [takeScreenshot] Exception has Occured while taking screenshot
2022-06-09 20:19:54 [INFO ] [Base] - [closeBrowser] Scenario Completed: Verify whether the user is able to register into the application by providing all the fields
2022-06-09 20:19:54 [INFO ] [Base] - [closeBrowser] Scenario Status is: failed
2022-06-10 16:36:48 [INFO ] [Browser] - [startBrowser] Selected Browser is: chrome
2022-06-10 16:37:04 [INFO ] [Browser] - [takeScreenshot] Exception has Occured while taking screenshot
2022-06-10 16:37:04 [INFO ] [Base] - [closeBrowser] Scenario Completed: Verify whether the user is able to register into the application by providing all the fields
2022-06-10 16:37:04 [INFO ] [Base] - [closeBrowser] Scenario Status is: failed
2022-06-10 17:11:52 [INFO ] [Hooks] - [setUp] Scenario Started: Verify whether the user is able to register into the application by providing all the fields
2022-06-10 17:11:53 [INFO ] [Browser] - [startBrowser] Selected Browser is: chrome
2022-06-10 17:11:59 [INFO ] [Browser] - [takeScreenshot] Exception has Occured while taking screenshot
2022-06-10 17:11:59 [INFO ] [Hooks] - [closeBrowser] Scenario Completed: Verify whether the user is able to register into the application by providing all the fields
2022-06-10 17:11:59 [INFO ] [Hooks] - [closeBrowser] Scenario Status is: failed
2022-06-10 17:26:08 [INFO ] [Hooks] - [setUp] Scenario Started: Verify whether the user is able to register into the application by providing all the fields
2022-06-10 17:26:08 [INFO ] [Browser] - [startBrowser] Selected Browser is: chrome
2022-06-10 17:26:15 [INFO ] [Browser] - [takeScreenshot] Exception has Occured while taking screenshot
2022-06-10 17:27:45 [INFO ] [Hooks] - [setUp] Scenario Started: Verify whether the user is able to register into the application by providing all the fields
2022-06-10 17:27:45 [INFO ] [Browser] - [startBrowser] Selected Browser is: chrome
2022-06-10 17:27:51 [INFO ] [Browser] - [takeScreenshot] Exception has Occured while taking screenshot
2022-06-10 17:52:21 [INFO ] [Hooks] - [setUp] Scenario Started: Verify whether the user is able to register into the application by providing all the fields
2022-06-10 17:52:21 [INFO ] [Browser] - [startBrowser] Selected Browser is: chrome
2022-06-10 17:52:32 [INFO ] [Browser] - [takeScreenshot] Exception has Occured while taking screenshot
2022-06-10 18:01:30 [INFO ] [Hooks] - [setUp] Scenario Started: Verify whether the user is able to register into the application by providing all the fields
2022-06-10 18:01:30 [INFO ] [Browser] - [startBrowser] Selected Browser is: chrome
2022-06-10 18:01:39 [INFO ] [Browser] - [startBrowser] Chrome Browser is Started1825662118
2022-06-10 18:01:44 [INFO ] [Hooks] - [closeBrowser] Scenario Completed: Verify whether the user is able to register into the application by providing all the fields
2022-06-10 18:01:44 [INFO ] [Hooks] - [closeBrowser] Scenario Status is: passed
2022-06-11 13:32:15 [INFO ] [Hooks] - [setUp] Scenario Started: Verify whether the user is able to register into the application by providing all the fields
2022-06-11 13:32:15 [INFO ] [Browser] - [startBrowser] Selected Browser is: chrome
2022-06-11 13:32:29 [INFO ] [Browser] - [startBrowser] Chrome Browser is Started256642638
2022-06-11 13:32:40 [INFO ] [Hooks] - [closeBrowser] Scenario Completed: Verify whether the user is able to register into the application by providing all the fields
2022-06-11 13:32:40 [INFO ] [Hooks] - [closeBrowser] Scenario Status is: failed
2022-06-11 13:38:48 [INFO ] [Hooks] - [setUp] Scenario Started: Verify whether the user is able to register into the application by providing all the fields
2022-06-11 13:38:49 [INFO ] [Browser] - [startBrowser] Selected Browser is: chrome
2022-06-11 13:38:57 [INFO ] [Browser] - [startBrowser] Chrome Browser is Started256642638
2022-06-11 13:39:05 [INFO ] [Hooks] - [closeBrowser] Scenario Completed: Verify whether the user is able to register into the application by providing all the fields
2022-06-11 13:39:05 [INFO ] [Hooks] - [closeBrowser] Scenario Status is: passed
2022-06-11 14:45:37 [INFO ] [Hooks] - [setUp] Scenario Started: Verify whether the user is not allowed to register on skipping mandatory fields
2022-06-11 14:45:37 [INFO ] [Browser] - [startBrowser] Selected Browser is: chrome
2022-06-11 14:45:47 [INFO ] [Browser] - [startBrowser] Chrome Browser is Started2052814491
2022-06-11 14:46:05 [INFO ] [Hooks] - [closeBrowser] Scenario Completed: Verify whether the user is not allowed to register on skipping mandatory fields
2022-06-11 14:46:05 [INFO ] [Hooks] - [closeBrowser] Scenario Status is: undefined
2022-06-13 04:20:43 [INFO ] [Hooks] - [setUp] Scenario Started: Verify whether the user is not allowed to register on skipping mandatory fields
2022-06-13 04:20:43 [INFO ] [Browser] - [startBrowser] Selected Browser is: chrome
2022-06-13 04:20:52 [INFO ] [Browser] - [startBrowser] Chrome Browser is Started2052814491
2022-06-13 04:20:58 [INFO ] [Hooks] - [closeBrowser] Scenario Completed: Verify whether the user is not allowed to register on skipping mandatory fields
2022-06-13 04:20:58 [INFO ] [Hooks] - [closeBrowser] Scenario Status is: undefined
2022-06-13 05:14:25 [INFO ] [Hooks] - [setUp] Scenario Started: Verify whether the user is not allowed to register on skipping mandatory fields
2022-06-13 05:14:25 [INFO ] [Browser] - [startBrowser] Selected Browser is: chrome
2022-06-13 05:14:31 [INFO ] [Browser] - [startBrowser] Chrome Browser is Started607526140
2022-06-13 05:14:37 [INFO ] [Hooks] - [closeBrowser] Scenario Completed: Verify whether the user is not allowed to register on skipping mandatory fields
2022-06-13 05:14:37 [INFO ] [Hooks] - [closeBrowser] Scenario Status is: failed
2022-06-13 05:17:59 [INFO ] [Hooks] - [setUp] Scenario Started: Verify whether the user is not allowed to register on skipping mandatory fields
2022-06-13 05:17:59 [INFO ] [Browser] - [startBrowser] Selected Browser is: chrome
2022-06-13 05:18:03 [INFO ] [Browser] - [startBrowser] Chrome Browser is Started607526140
2022-06-13 05:18:09 [INFO ] [Hooks] - [closeBrowser] Scenario Completed: Verify whether the user is not allowed to register on skipping mandatory fields
2022-06-13 05:18:09 [INFO ] [Hooks] - [closeBrowser] Scenario Status is: failed
2022-06-13 05:19:24 [INFO ] [Hooks] - [setUp] Scenario Started: Verify whether the user is not allowed to register on skipping mandatory fields
2022-06-13 05:19:25 [INFO ] [Browser] - [startBrowser] Selected Browser is: chrome
2022-06-13 05:19:29 [INFO ] [Browser] - [startBrowser] Chrome Browser is Started607526140
2022-06-13 05:19:35 [INFO ] [Hooks] - [closeBrowser] Scenario Completed: Verify whether the user is not allowed to register on skipping mandatory fields
2022-06-13 05:19:35 [INFO ] [Hooks] - [closeBrowser] Scenario Status is: failed
2022-06-13 05:21:17 [INFO ] [Hooks] - [setUp] Scenario Started: Verify whether the user is not allowed to register on skipping mandatory fields
2022-06-13 05:21:17 [INFO ] [Browser] - [startBrowser] Selected Browser is: chrome
2022-06-13 05:21:22 [INFO ] [Browser] - [startBrowser] Chrome Browser is Started607526140
2022-06-13 05:21:27 [INFO ] [Hooks] - [closeBrowser] Scenario Completed: Verify whether the user is not allowed to register on skipping mandatory fields
2022-06-13 05:21:27 [INFO ] [Hooks] - [closeBrowser] Scenario Status is: failed
2022-06-13 05:23:24 [INFO ] [Hooks] - [setUp] Scenario Started: Verify whether the user is not allowed to register on skipping mandatory fields
2022-06-13 05:23:24 [INFO ] [Browser] - [startBrowser] Selected Browser is: chrome
2022-06-13 05:23:28 [INFO ] [Browser] - [startBrowser] Chrome Browser is Started607526140
2022-06-13 05:23:34 [INFO ] [Hooks] - [closeBrowser] Scenario Completed: Verify whether the user is not allowed to register on skipping mandatory fields
2022-06-13 05:23:34 [INFO ] [Hooks] - [closeBrowser] Scenario Status is: passed
2022-06-13 13:41:55 [INFO ] [Hooks] - [setUp] Scenario Started: Verify whether the user is able to register into the application by opting for Newsletter subscription
2022-06-13 13:41:55 [INFO ] [Browser] - [startBrowser] Selected Browser is: chrome
2022-06-13 13:42:06 [INFO ] [Browser] - [startBrowser] Chrome Browser is Started363616706
2022-06-13 13:42:14 [INFO ] [Hooks] - [closeBrowser] Scenario Completed: Verify whether the user is able to register into the application by opting for Newsletter subscription
2022-06-13 13:42:14 [INFO ] [Hooks] - [closeBrowser] Scenario Status is: undefined
2022-06-13 13:53:00 [INFO ] [Hooks] - [setUp] Scenario Started: Verify whether the user is able to register into the application by opting for Newsletter subscription
2022-06-13 13:53:00 [INFO ] [Browser] - [startBrowser] Selected Browser is: chrome
2022-06-13 13:53:05 [INFO ] [Browser] - [startBrowser] Chrome Browser is Started2055019335
2022-06-13 13:53:12 [INFO ] [Hooks] - [closeBrowser] Scenario Completed: Verify whether the user is able to register into the application by opting for Newsletter subscription
2022-06-13 13:53:12 [INFO ] [Hooks] - [closeBrowser] Scenario Status is: passed
2022-06-13 13:57:25 [INFO ] [Hooks] - [setUp] Scenario Started: Verify whether the user is able to register into the application by opting for Newsletter subscription
2022-06-13 13:57:25 [INFO ] [Browser] - [startBrowser] Selected Browser is: chrome
2022-06-13 13:57:33 [INFO ] [Browser] - [startBrowser] Chrome Browser is Started2055019335
2022-06-13 13:57:41 [INFO ] [Hooks] - [closeBrowser] Scenario Completed: Verify whether the user is able to register into the application by opting for Newsletter subscription
2022-06-13 13:57:41 [INFO ] [Hooks] - [closeBrowser] Scenario Status is: passed
2022-06-13 13:58:24 [INFO ] [Hooks] - [setUp] Scenario Started: Verify whether the user is restricted from registring a duplicate account
2022-06-13 13:58:24 [INFO ] [Browser] - [startBrowser] Selected Browser is: chrome
2022-06-13 13:58:30 [INFO ] [Browser] - [startBrowser] Chrome Browser is Started363616706
2022-06-13 13:58:35 [INFO ] [Hooks] - [closeBrowser] Scenario Completed: Verify whether the user is restricted from registring a duplicate account
2022-06-13 13:58:35 [INFO ] [Hooks] - [closeBrowser] Scenario Status is: undefined
2022-06-13 14:27:22 [INFO ] [Hooks] - [setUp] Scenario Started: Verify whether the user is restricted from registring a duplicate account
2022-06-13 14:27:22 [INFO ] [Browser] - [startBrowser] Selected Browser is: chrome
2022-06-13 14:27:30 [INFO ] [Browser] - [startBrowser] Chrome Browser is Started1857562888
2022-06-13 14:27:39 [INFO ] [Hooks] - [closeBrowser] Scenario Completed: Verify whether the user is restricted from registring a duplicate account
2022-06-13 14:27:39 [INFO ] [Hooks] - [closeBrowser] Scenario Status is: failed
2022-06-13 14:30:53 [INFO ] [Hooks] - [setUp] Scenario Started: Verify whether the user is restricted from registring a duplicate account
2022-06-13 14:30:53 [INFO ] [Browser] - [startBrowser] Selected Browser is: chrome
2022-06-13 14:30:58 [INFO ] [Browser] - [startBrowser] Chrome Browser is Started1857562888
2022-06-13 14:31:05 [INFO ] [Hooks] - [closeBrowser] Scenario Completed: Verify whether the user is restricted from registring a duplicate account
2022-06-13 14:31:05 [INFO ] [Hooks] - [closeBrowser] Scenario Status is: failed
2022-06-13 14:33:27 [INFO ] [Hooks] - [setUp] Scenario Started: Verify whether the user is restricted from registring a duplicate account
2022-06-13 14:33:27 [INFO ] [Browser] - [startBrowser] Selected Browser is: chrome
2022-06-13 14:33:32 [INFO ] [Browser] - [startBrowser] Chrome Browser is Started1857562888
2022-06-13 14:33:38 [INFO ] [Hooks] - [closeBrowser] Scenario Completed: Verify whether the user is restricted from registring a duplicate account
2022-06-13 14:33:38 [INFO ] [Hooks] - [closeBrowser] Scenario Status is: failed
2022-06-13 14:35:09 [INFO ] [Hooks] - [setUp] Scenario Started: Verify whether the user is restricted from registring a duplicate account
2022-06-13 14:35:09 [INFO ] [Browser] - [startBrowser] Selected Browser is: chrome
2022-06-13 14:35:14 [INFO ] [Browser] - [startBrowser] Chrome Browser is Started1857562888
2022-06-13 14:35:20 [INFO ] [Hooks] - [closeBrowser] Scenario Completed: Verify whether the user is restricted from registring a duplicate account
2022-06-13 14:35:20 [INFO ] [Hooks] - [closeBrowser] Scenario Status is: failed
2022-06-13 14:36:54 [INFO ] [Hooks] - [setUp] Scenario Started: Verify whether the user is restricted from registring a duplicate account
2022-06-13 14:36:54 [INFO ] [Browser] - [startBrowser] Selected Browser is: chrome
2022-06-13 14:36:58 [INFO ] [Browser] - [startBrowser] Chrome Browser is Started1857562888
2022-06-13 14:37:05 [INFO ] [Hooks] - [closeBrowser] Scenario Completed: Verify whether the user is restricted from registring a duplicate account
2022-06-13 14:37:05 [INFO ] [Hooks] - [closeBrowser] Scenario Status is: failed
2022-06-13 14:46:46 [INFO ] [Hooks] - [setUp] Scenario Started: Verify whether the user is restricted from registring a duplicate account
2022-06-13 14:46:46 [INFO ] [Browser] - [startBrowser] Selected Browser is: chrome
2022-06-13 14:46:51 [INFO ] [Browser] - [startBrowser] Chrome Browser is Started1857562888
2022-06-13 14:46:58 [INFO ] [Hooks] - [closeBrowser] Scenario Completed: Verify whether the user is restricted from registring a duplicate account
2022-06-13 14:46:58 [INFO ] [Hooks] - [closeBrowser] Scenario Status is: failed
2022-06-13 14:50:35 [INFO ] [Hooks] - [setUp] Scenario Started: Verify whether the user is restricted from registring a duplicate account
2022-06-13 14:50:35 [INFO ] [Browser] - [startBrowser] Selected Browser is: chrome
2022-06-13 14:50:40 [INFO ] [Browser] - [startBrowser] Chrome Browser is Started1857562888
2022-06-13 14:50:47 [INFO ] [Hooks] - [closeBrowser] Scenario Completed: Verify whether the user is restricted from registring a duplicate account
2022-06-13 14:50:47 [INFO ] [Hooks] - [closeBrowser] Scenario Status is: failed
2022-06-13 14:55:12 [INFO ] [Hooks] - [setUp] Scenario Started: Verify whether the user is restricted from registring a duplicate account
2022-06-13 14:55:12 [INFO ] [Browser] - [startBrowser] Selected Browser is: chrome
2022-06-13 14:55:17 [INFO ] [Browser] - [startBrowser] Chrome Browser is Started1857562888
2022-06-13 14:55:24 [INFO ] [Hooks] - [closeBrowser] Scenario Completed: Verify whether the user is restricted from registring a duplicate account
2022-06-13 14:55:24 [INFO ] [Hooks] - [closeBrowser] Scenario Status is: failed
2022-06-13 14:59:18 [INFO ] [Hooks] - [setUp] Scenario Started: Verify whether the user is restricted from registring a duplicate account
2022-06-13 14:59:18 [INFO ] [Browser] - [startBrowser] Selected Browser is: chrome
2022-06-13 14:59:22 [INFO ] [Browser] - [startBrowser] Chrome Browser is Started1857562888
2022-06-13 14:59:29 [INFO ] [Hooks] - [closeBrowser] Scenario Completed: Verify whether the user is restricted from registring a duplicate account
2022-06-13 14:59:29 [INFO ] [Hooks] - [closeBrowser] Scenario Status is: failed
2022-06-13 15:03:24 [INFO ] [Hooks] - [setUp] Scenario Started: Verify whether the user is restricted from registring a duplicate account
2022-06-13 15:03:24 [INFO ] [Browser] - [startBrowser] Selected Browser is: chrome
2022-06-13 15:03:28 [INFO ] [Browser] - [startBrowser] Chrome Browser is Started1857562888
2022-06-13 15:03:34 [INFO ] [Hooks] - [closeBrowser] Scenario Completed: Verify whether the user is restricted from registring a duplicate account
2022-06-13 15:03:34 [INFO ] [Hooks] - [closeBrowser] Scenario Status is: failed
2022-06-13 15:05:22 [INFO ] [Hooks] - [setUp] Scenario Started: Verify whether the user is restricted from registring a duplicate account
2022-06-13 15:05:22 [INFO ] [Browser] - [startBrowser] Selected Browser is: chrome
2022-06-13 15:05:27 [INFO ] [Browser] - [startBrowser] Chrome Browser is Started1857562888
2022-06-13 15:05:33 [INFO ] [Hooks] - [closeBrowser] Scenario Completed: Verify whether the user is restricted from registring a duplicate account
2022-06-13 15:05:33 [INFO ] [Hooks] - [closeBrowser] Scenario Status is: passed
2022-06-13 15:12:31 [INFO ] [Hooks] - [setUp] Scenario Started: Verify whether the user is able to register into the application by providing all the fields
2022-06-13 15:12:31 [INFO ] [Browser] - [startBrowser] Selected Browser is: chrome
2022-06-13 15:12:40 [INFO ] [Browser] - [startBrowser] Chrome Browser is Started956365425
2022-06-13 15:12:47 [INFO ] [Hooks] - [closeBrowser] Scenario Completed: Verify whether the user is able to register into the application by providing all the fields
2022-06-13 15:12:47 [INFO ] [Hooks] - [closeBrowser] Scenario Status is: passed
2022-06-13 15:12:48 [INFO ] [Hooks] - [setUp] Scenario Started: Verify whether the user is not allowed to register on skipping mandatory fields
2022-06-13 15:12:48 [INFO ] [Browser] - [startBrowser] Selected Browser is: chrome
2022-06-13 15:12:51 [INFO ] [Browser] - [startBrowser] Chrome Browser is Started1153256202
2022-06-13 15:12:59 [INFO ] [Hooks] - [closeBrowser] Scenario Completed: Verify whether the user is not allowed to register on skipping mandatory fields
2022-06-13 15:12:59 [INFO ] [Hooks] - [closeBrowser] Scenario Status is: passed
2022-06-13 15:13:00 [INFO ] [Hooks] - [setUp] Scenario Started: Verify whether the user is able to register into the application by opting for Newsletter subscription
2022-06-13 15:13:00 [INFO ] [Browser] - [startBrowser] Selected Browser is: chrome
2022-06-13 15:13:03 [INFO ] [Browser] - [startBrowser] Chrome Browser is Started1407986024
2022-06-13 15:13:10 [INFO ] [Hooks] - [closeBrowser] Scenario Completed: Verify whether the user is able to register into the application by opting for Newsletter subscription
2022-06-13 15:13:10 [INFO ] [Hooks] - [closeBrowser] Scenario Status is: passed
2022-06-13 15:13:11 [INFO ] [Hooks] - [setUp] Scenario Started: Verify whether the user is restricted from registring a duplicate account
2022-06-13 15:13:11 [INFO ] [Browser] - [startBrowser] Selected Browser is: chrome
2022-06-13 15:13:14 [INFO ] [Browser] - [startBrowser] Chrome Browser is Started1551350415
2022-06-13 15:13:22 [INFO ] [Hooks] - [closeBrowser] Scenario Completed: Verify whether the user is restricted from registring a duplicate account
2022-06-13 15:13:22 [INFO ] [Hooks] - [closeBrowser] Scenario Status is: passed
2022-06-13 16:56:28 [INFO ] [Hooks] - [setUp] Scenario Started: Verify whether the user is able to register into the application by providing all the fields
2022-06-13 16:56:28 [INFO ] [Browser] - [startBrowser] Selected Browser is: chrome
2022-06-13 16:56:34 [INFO ] [Browser] - [startBrowser] Chrome Browser is Started956365425
2022-06-13 16:56:41 [INFO ] [Hooks] - [closeBrowser] Scenario Completed: Verify whether the user is able to register into the application by providing all the fields
2022-06-13 16:56:41 [INFO ] [Hooks] - [closeBrowser] Scenario Status is: passed
2022-06-13 16:56:42 [INFO ] [Hooks] - [setUp] Scenario Started: Verify whether the user is not allowed to register on skipping mandatory fields
2022-06-13 16:56:42 [INFO ] [Browser] - [startBrowser] Selected Browser is: chrome
2022-06-13 16:56:45 [INFO ] [Browser] - [startBrowser] Chrome Browser is Started1153256202
2022-06-13 16:56:51 [INFO ] [Hooks] - [closeBrowser] Scenario Completed: Verify whether the user is not allowed to register on skipping mandatory fields
2022-06-13 16:56:51 [INFO ] [Hooks] - [closeBrowser] Scenario Status is: passed
2022-06-13 16:56:52 [INFO ] [Hooks] - [setUp] Scenario Started: Verify whether the user is able to register into the application by opting for Newsletter subscription
2022-06-13 16:56:52 [INFO ] [Browser] - [startBrowser] Selected Browser is: chrome
2022-06-13 16:56:54 [INFO ] [Browser] - [startBrowser] Chrome Browser is Started1407986024
2022-06-13 16:57:00 [INFO ] [Hooks] - [closeBrowser] Scenario Completed: Verify whether the user is able to register into the application by opting for Newsletter subscription
2022-06-13 16:57:00 [INFO ] [Hooks] - [closeBrowser] Scenario Status is: passed
2022-06-13 16:57:01 [INFO ] [Hooks] - [setUp] Scenario Started: Verify whether the user is restricted from registring a duplicate account
2022-06-13 16:57:01 [INFO ] [Browser] - [startBrowser] Selected Browser is: chrome
2022-06-13 16:57:04 [INFO ] [Browser] - [startBrowser] Chrome Browser is Started1551350415
2022-06-13 16:57:12 [INFO ] [Hooks] - [closeBrowser] Scenario Completed: Verify whether the user is restricted from registring a duplicate account
2022-06-13 16:57:12 [INFO ] [Hooks] - [closeBrowser] Scenario Status is: passed
2022-06-14 10:46:24 [INFO ] [Hooks] - [setUp] Scenario Started: Verify whether the User is able to login with valid credentials
2022-06-14 10:46:24 [INFO ] [Browser] - [startBrowser] Selected Browser is: chrome
2022-06-14 10:46:35 [INFO ] [Browser] - [startBrowser] Chrome Browser is Started92575452
2022-06-14 10:46:41 [INFO ] [Hooks] - [closeBrowser] Scenario Completed: Verify whether the User is able to login with valid credentials
2022-06-14 10:46:41 [INFO ] [Hooks] - [closeBrowser] Scenario Status is: undefined
2022-06-14 14:56:25 [INFO ] [Hooks] - [setUp] Scenario Started: Verify whether the User is able to login with valid credentials
2022-06-14 14:56:25 [INFO ] [Browser] - [startBrowser] Selected Browser is: chrome
2022-06-14 14:56:39 [INFO ] [Browser] - [startBrowser] Chrome Browser is Started34757331
2022-06-14 14:56:49 [INFO ] [Hooks] - [closeBrowser] Scenario Completed: Verify whether the User is able to login with valid credentials
2022-06-14 14:56:49 [INFO ] [Hooks] - [closeBrowser] Scenario Status is: passed
2022-06-14 14:58:29 [INFO ] [Hooks] - [setUp] Scenario Started: Verify that the User is not able to login with invalid credentials
2022-06-14 14:58:29 [INFO ] [Browser] - [startBrowser] Selected Browser is: chrome
2022-06-14 14:58:35 [INFO ] [Browser] - [startBrowser] Chrome Browser is Started34757331
2022-06-14 14:58:41 [INFO ] [Hooks] - [closeBrowser] Scenario Completed: Verify that the User is not able to login with invalid credentials
2022-06-14 14:58:41 [INFO ] [Hooks] - [closeBrowser] Scenario Status is: undefined
2022-06-14 15:10:19 [INFO ] [Hooks] - [setUp] Scenario Started: Verify that the User is not able to login with invalid credentials
2022-06-14 15:10:19 [INFO ] [Browser] - [startBrowser] Selected Browser is: chrome
2022-06-14 15:10:24 [INFO ] [Browser] - [startBrowser] Chrome Browser is Started2052814491
2022-06-14 15:10:30 [INFO ] [Hooks] - [closeBrowser] Scenario Completed: Verify that the User is not able to login with invalid credentials
2022-06-14 15:10:30 [INFO ] [Hooks] - [closeBrowser] Scenario Status is: passed
2022-06-14 15:12:20 [INFO ] [Hooks] - [setUp] Scenario Started: Verify that the User is not able to login without providing credentials
2022-06-14 15:12:20 [INFO ] [Browser] - [startBrowser] Selected Browser is: chrome
2022-06-14 15:12:26 [INFO ] [Browser] - [startBrowser] Chrome Browser is Started2052814491
2022-06-14 15:12:32 [INFO ] [Hooks] - [closeBrowser] Scenario Completed: Verify that the User is not able to login without providing credentials
2022-06-14 15:12:32 [INFO ] [Hooks] - [closeBrowser] Scenario Status is: passed
2022-06-14 15:16:52 [INFO ] [Hooks] - [setUp] Scenario Started: Verify that the User is able to reset forgotten password
2022-06-14 15:16:52 [INFO ] [Browser] - [startBrowser] Selected Browser is: chrome
2022-06-14 15:17:01 [INFO ] [Browser] - [startBrowser] Chrome Browser is Started2052814491
2022-06-14 15:17:07 [INFO ] [Hooks] - [closeBrowser] Scenario Completed: Verify that the User is able to reset forgotten password
2022-06-14 15:17:07 [INFO ] [Hooks] - [closeBrowser] Scenario Status is: undefined
2022-06-14 15:25:23 [INFO ] [Hooks] - [setUp] Scenario Started: Verify that the User is able to reset forgotten password
2022-06-14 15:25:23 [INFO ] [Browser] - [startBrowser] Selected Browser is: chrome
2022-06-14 15:25:28 [INFO ] [Browser] - [startBrowser] Chrome Browser is Started256642638
2022-06-14 15:25:34 [INFO ] [Hooks] - [closeBrowser] Scenario Completed: Verify that the User is able to reset forgotten password
2022-06-14 15:25:34 [INFO ] [Hooks] - [closeBrowser] Scenario Status is: undefined
2022-06-14 15:33:34 [INFO ] [Hooks] - [setUp] Scenario Started: Verify that the User is able to reset forgotten password
2022-06-14 15:33:34 [INFO ] [Browser] - [startBrowser] Selected Browser is: chrome
2022-06-14 15:33:39 [INFO ] [Browser] - [startBrowser] Chrome Browser is Started607526140
2022-06-14 15:33:43 [INFO ] [Hooks] - [closeBrowser] Scenario Completed: Verify that the User is able to reset forgotten password
2022-06-14 15:33:43 [INFO ] [Hooks] - [closeBrowser] Scenario Status is: undefined
2022-06-14 16:06:46 [INFO ] [Hooks] - [setUp] Scenario Started: Verify that the User is able to reset forgotten password
2022-06-14 16:06:46 [INFO ] [Browser] - [startBrowser] Selected Browser is: chrome
2022-06-14 16:06:52 [INFO ] [Browser] - [startBrowser] Chrome Browser is Started607526140
2022-06-14 16:07:00 [INFO ] [Hooks] - [closeBrowser] Scenario Completed: Verify that the User is able to reset forgotten password
2022-06-14 16:07:00 [INFO ] [Hooks] - [closeBrowser] Scenario Status is: failed
2022-06-14 16:14:54 [INFO ] [Hooks] - [setUp] Scenario Started: Verify that the User is able to reset forgotten password
2022-06-14 16:14:54 [INFO ] [Browser] - [startBrowser] Selected Browser is: chrome
2022-06-14 16:14:59 [INFO ] [Browser] - [startBrowser] Chrome Browser is Started607526140
2022-06-14 16:15:07 [INFO ] [Hooks] - [closeBrowser] Scenario Completed: Verify that the User is able to reset forgotten password
2022-06-14 16:15:07 [INFO ] [Hooks] - [closeBrowser] Scenario Status is: passed
2022-06-14 16:18:20 [INFO ] [Hooks] - [setUp] Scenario Started: Verify whether the User is able to login with valid credentials
2022-06-14 16:18:20 [INFO ] [Browser] - [startBrowser] Selected Browser is: chrome
2022-06-14 16:18:29 [INFO ] [Browser] - [startBrowser] Chrome Browser is Started954936400
2022-06-14 16:18:36 [INFO ] [Hooks] - [closeBrowser] Scenario Completed: Verify whether the User is able to login with valid credentials
2022-06-14 16:18:36 [INFO ] [Hooks] - [closeBrowser] Scenario Status is: passed
2022-06-14 16:18:37 [INFO ] [Hooks] - [setUp] Scenario Started: Verify that the User is not able to login with invalid credentials
2022-06-14 16:18:37 [INFO ] [Browser] - [startBrowser] Selected Browser is: chrome
2022-06-14 16:18:40 [INFO ] [Browser] - [startBrowser] Chrome Browser is Started646204091
2022-06-14 16:18:46 [INFO ] [Hooks] - [closeBrowser] Scenario Completed: Verify that the User is not able to login with invalid credentials
2022-06-14 16:18:46 [INFO ] [Hooks] - [closeBrowser] Scenario Status is: passed
2022-06-14 16:18:47 [INFO ] [Hooks] - [setUp] Scenario Started: Verify that the User is not able to login without providing credentials
2022-06-14 16:18:47 [INFO ] [Browser] - [startBrowser] Selected Browser is: chrome
2022-06-14 16:18:50 [INFO ] [Browser] - [startBrowser] Chrome Browser is Started634991000
2022-06-14 16:18:58 [INFO ] [Hooks] - [closeBrowser] Scenario Completed: Verify that the User is not able to login without providing credentials
2022-06-14 16:18:58 [INFO ] [Hooks] - [closeBrowser] Scenario Status is: passed
2022-06-14 16:18:59 [INFO ] [Hooks] - [setUp] Scenario Started: Verify that the User is able to reset forgotten password
2022-06-14 16:18:59 [INFO ] [Browser] - [startBrowser] Selected Browser is: chrome
2022-06-14 16:19:02 [INFO ] [Browser] - [startBrowser] Chrome Browser is Started142941409
2022-06-14 16:19:09 [INFO ] [Hooks] - [closeBrowser] Scenario Completed: Verify that the User is able to reset forgotten password
2022-06-14 16:19:09 [INFO ] [Hooks] - [closeBrowser] Scenario Status is: passed
2022-06-14 16:22:19 [INFO ] [Hooks] - [setUp] Scenario Started: Verify whether the User is able to login with valid credentials
2022-06-14 16:22:19 [INFO ] [Browser] - [startBrowser] Selected Browser is: chrome
2022-06-14 16:22:24 [INFO ] [Browser] - [startBrowser] Chrome Browser is Started124540047
2022-06-14 16:22:32 [INFO ] [Hooks] - [closeBrowser] Scenario Completed: Verify whether the User is able to login with valid credentials
2022-06-14 16:22:32 [INFO ] [Hooks] - [closeBrowser] Scenario Status is: passed
2022-06-14 16:22:34 [INFO ] [Hooks] - [setUp] Scenario Started: Verify that the User is not able to login with invalid credentials
2022-06-14 16:22:34 [INFO ] [Browser] - [startBrowser] Selected Browser is: chrome
2022-06-14 16:22:38 [INFO ] [Browser] - [startBrowser] Chrome Browser is Started1811975204
2022-06-14 16:22:45 [INFO ] [Hooks] - [closeBrowser] Scenario Completed: Verify that the User is not able to login with invalid credentials
2022-06-14 16:22:45 [INFO ] [Hooks] - [closeBrowser] Scenario Status is: passed
2022-06-14 16:22:45 [INFO ] [Hooks] - [setUp] Scenario Started: Verify that the User is not able to login without providing credentials
2022-06-14 16:22:45 [INFO ] [Browser] - [startBrowser] Selected Browser is: chrome
2022-06-14 16:22:49 [INFO ] [Browser] - [startBrowser] Chrome Browser is Started1594065480
2022-06-14 16:22:55 [INFO ] [Hooks] - [closeBrowser] Scenario Completed: Verify that the User is not able to login without providing credentials
2022-06-14 16:22:55 [INFO ] [Hooks] - [closeBrowser] Scenario Status is: passed
2022-06-14 16:22:57 [INFO ] [Hooks] - [setUp] Scenario Started: Verify that the User is able to reset forgotten password
2022-06-14 16:22:57 [INFO ] [Browser] - [startBrowser] Selected Browser is: chrome
2022-06-14 16:23:00 [INFO ] [Browser] - [startBrowser] Chrome Browser is Started886386381
2022-06-14 16:23:07 [INFO ] [Hooks] - [closeBrowser] Scenario Completed: Verify that the User is able to reset forgotten password
2022-06-14 16:23:07 [INFO ] [Hooks] - [closeBrowser] Scenario Status is: passed
2022-06-14 16:29:18 [INFO ] [Hooks] - [setUp] Scenario Started: Verify whether the User is able to login with valid credentials
2022-06-14 16:29:18 [INFO ] [Browser] - [startBrowser] Selected Browser is: chrome
2022-06-14 16:29:23 [INFO ] [Browser] - [startBrowser] Chrome Browser is Started1022130643
2022-06-14 16:29:28 [INFO ] [Hooks] - [closeBrowser] Scenario Completed: Verify whether the User is able to login with valid credentials
2022-06-14 16:29:28 [INFO ] [Hooks] - [closeBrowser] Scenario Status is: passed
2022-06-14 16:29:29 [INFO ] [Hooks] - [setUp] Scenario Started: Verify that the User is not able to login with invalid credentials
2022-06-14 16:29:29 [INFO ] [Browser] - [startBrowser] Selected Browser is: chrome
2022-06-14 16:29:31 [INFO ] [Browser] - [startBrowser] Chrome Browser is Started820627987
2022-06-14 16:29:37 [INFO ] [Hooks] - [closeBrowser] Scenario Completed: Verify that the User is not able to login with invalid credentials
2022-06-14 16:29:37 [INFO ] [Hooks] - [closeBrowser] Scenario Status is: passed
2022-06-14 16:29:38 [INFO ] [Hooks] - [setUp] Scenario Started: Verify that the User is not able to login without providing credentials
2022-06-14 16:29:38 [INFO ] [Browser] - [startBrowser] Selected Browser is: chrome
2022-06-14 16:29:40 [INFO ] [Browser] - [startBrowser] Chrome Browser is Started1687702287
2022-06-14 16:29:45 [INFO ] [Hooks] - [closeBrowser] Scenario Completed: Verify that the User is not able to login without providing credentials
2022-06-14 16:29:45 [INFO ] [Hooks] - [closeBrowser] Scenario Status is: passed
2022-06-14 16:29:45 [INFO ] [Hooks] - [setUp] Scenario Started: Verify that the User is able to reset forgotten password
2022-06-14 16:29:45 [INFO ] [Browser] - [startBrowser] Selected Browser is: chrome
2022-06-14 16:29:48 [INFO ] [Browser] - [startBrowser] Chrome Browser is Started498748934
2022-06-14 16:29:53 [INFO ] [Hooks] - [closeBrowser] Scenario Completed: Verify that the User is able to reset forgotten password
2022-06-14 16:29:53 [INFO ] [Hooks] - [closeBrowser] Scenario Status is: passed
2022-06-14 16:29:54 [INFO ] [Hooks] - [setUp] Scenario Started: Verify whether the user is able to register into the application by providing all the fields
2022-06-14 16:29:54 [INFO ] [Browser] - [startBrowser] Selected Browser is: chrome
2022-06-14 16:29:56 [INFO ] [Browser] - [startBrowser] Chrome Browser is Started837693403
2022-06-14 16:30:03 [INFO ] [Hooks] - [closeBrowser] Scenario Completed: Verify whether the user is able to register into the application by providing all the fields
2022-06-14 16:30:03 [INFO ] [Hooks] - [closeBrowser] Scenario Status is: passed
2022-06-14 16:30:04 [INFO ] [Hooks] - [setUp] Scenario Started: Verify whether the user is not allowed to register on skipping mandatory fields
2022-06-14 16:30:04 [INFO ] [Browser] - [startBrowser] Selected Browser is: chrome
2022-06-14 16:30:06 [INFO ] [Browser] - [startBrowser] Chrome Browser is Started1576499395
2022-06-14 16:30:12 [INFO ] [Hooks] - [closeBrowser] Scenario Completed: Verify whether the user is not allowed to register on skipping mandatory fields
2022-06-14 16:30:12 [INFO ] [Hooks] - [closeBrowser] Scenario Status is: passed
2022-06-14 16:30:13 [INFO ] [Hooks] - [setUp] Scenario Started: Verify whether the user is able to register into the application by opting for Newsletter subscription
2022-06-14 16:30:13 [INFO ] [Browser] - [startBrowser] Selected Browser is: chrome
2022-06-14 16:30:15 [INFO ] [Browser] - [startBrowser] Chrome Browser is Started2042120257
2022-06-14 16:30:21 [INFO ] [Hooks] - [closeBrowser] Scenario Completed: Verify whether the user is able to register into the application by opting for Newsletter subscription
2022-06-14 16:30:21 [INFO ] [Hooks] - [closeBrowser] Scenario Status is: passed
2022-06-14 16:30:22 [INFO ] [Hooks] - [setUp] Scenario Started: Verify whether the user is restricted from registring a duplicate account
2022-06-14 16:30:22 [INFO ] [Browser] - [startBrowser] Selected Browser is: chrome
2022-06-14 16:30:24 [INFO ] [Browser] - [startBrowser] Chrome Browser is Started1445225850
2022-06-14 16:30:31 [INFO ] [Hooks] - [closeBrowser] Scenario Completed: Verify whether the user is restricted from registring a duplicate account
2022-06-14 16:30:31 [INFO ] [Hooks] - [closeBrowser] Scenario Status is: passed
2022-06-15 10:41:12 [INFO ] [Hooks] - [setUp] Scenario Started: Verify whether the User is able to search for products
2022-06-15 10:41:12 [INFO ] [Browser] - [startBrowser] Selected Browser is: chrome
2022-06-15 10:41:21 [INFO ] [Browser] - [startBrowser] Chrome Browser is Started607526140
2022-06-15 10:41:26 [INFO ] [Hooks] - [closeBrowser] Scenario Completed: Verify whether the User is able to search for products
2022-06-15 10:41:26 [INFO ] [Hooks] - [closeBrowser] Scenario Status is: undefined
2022-06-15 11:02:32 [INFO ] [Hooks] - [setUp] Scenario Started: Verify whether the User is able to search for products
2022-06-15 11:02:32 [INFO ] [Browser] - [startBrowser] Selected Browser is: chrome
2022-06-15 11:02:37 [INFO ] [Browser] - [startBrowser] Chrome Browser is Started363616706
2022-06-15 11:02:42 [INFO ] [Hooks] - [closeBrowser] Scenario Completed: Verify whether the User is able to search for products
2022-06-15 11:02:42 [INFO ] [Hooks] - [closeBrowser] Scenario Status is: passed
2022-06-15 11:06:22 [INFO ] [Hooks] - [setUp] Scenario Started: Verify whether the User is informed when the product being searched is not available
2022-06-15 11:06:22 [INFO ] [Browser] - [startBrowser] Selected Browser is: chrome
2022-06-15 11:06:27 [INFO ] [Browser] - [startBrowser] Chrome Browser is Started363616706
2022-06-15 11:06:32 [INFO ] [Hooks] - [closeBrowser] Scenario Completed: Verify whether the User is informed when the product being searched is not available
2022-06-15 11:06:32 [INFO ] [Hooks] - [closeBrowser] Scenario Status is: undefined
2022-06-15 11:21:18 [INFO ] [Hooks] - [setUp] Scenario Started: Verify whether the User is informed when the product being searched is not available
2022-06-15 11:21:18 [INFO ] [Browser] - [startBrowser] Selected Browser is: chrome
2022-06-15 11:21:22 [INFO ] [Browser] - [startBrowser] Chrome Browser is Started2055019335
2022-06-15 11:21:27 [INFO ] [Hooks] - [closeBrowser] Scenario Completed: Verify whether the User is informed when the product being searched is not available
2022-06-15 11:21:27 [INFO ] [Hooks] - [closeBrowser] Scenario Status is: failed
2022-06-15 11:23:50 [INFO ] [Hooks] - [setUp] Scenario Started: Verify whether the User is informed when the product being searched is not available
2022-06-15 11:23:50 [INFO ] [Browser] - [startBrowser] Selected Browser is: chrome
2022-06-15 11:23:55 [INFO ] [Browser] - [startBrowser] Chrome Browser is Started2055019335
2022-06-15 11:24:00 [INFO ] [Hooks] - [closeBrowser] Scenario Completed: Verify whether the User is informed when the product being searched is not available
2022-06-15 11:24:00 [INFO ] [Hooks] - [closeBrowser] Scenario Status is: passed
2022-06-15 20:30:10 [INFO ] [Hooks] - [setUp] Scenario Started: Verify whether user is able to place an order
2022-06-15 20:30:10 [INFO ] [Browser] - [startBrowser] Selected Browser is: chrome
2022-06-15 20:30:20 [INFO ] [Browser] - [startBrowser] Chrome Browser is Started1857562888
2022-06-15 20:30:21 [INFO ] [Hooks] - [closeBrowser] Scenario Completed: Verify whether user is able to place an order
2022-06-15 20:30:21 [INFO ] [Hooks] - [closeBrowser] Scenario Status is: undefined
2022-06-16 15:08:59 [INFO ] [Hooks] - [setUp] Scenario Started: Verify whether user is able to place an order
2022-06-16 15:08:59 [INFO ] [Browser] - [startBrowser] Selected Browser is: chrome
2022-06-16 15:09:23 [INFO ] [Browser] - [startBrowser] Chrome Browser is Started633683828
2022-06-16 15:10:07 [INFO ] [Hooks] - [closeBrowser] Scenario Completed: Verify whether user is able to place an order
2022-06-16 15:10:07 [INFO ] [Hooks] - [closeBrowser] Scenario Status is: failed
2022-06-16 15:40:39 [INFO ] [Hooks] - [setUp] Scenario Started: Verify whether user is able to place an order
2022-06-16 15:40:39 [INFO ] [Browser] - [startBrowser] Selected Browser is: chrome
2022-06-16 15:40:51 [INFO ] [Browser] - [startBrowser] Chrome Browser is Started633683828
2022-06-16 15:41:29 [INFO ] [Hooks] - [closeBrowser] Scenario Completed: Verify whether user is able to place an order
2022-06-16 15:41:29 [INFO ] [Hooks] - [closeBrowser] Scenario Status is: failed
2022-06-16 15:48:50 [INFO ] [Hooks] - [setUp] Scenario Started: Verify whether user is able to place an order
2022-06-16 15:48:50 [INFO ] [Browser] - [startBrowser] Selected Browser is: chrome
2022-06-16 15:48:56 [INFO ] [Browser] - [startBrowser] Chrome Browser is Started633683828
2022-06-16 15:49:33 [INFO ] [Hooks] - [closeBrowser] Scenario Completed: Verify whether user is able to place an order
2022-06-16 15:49:33 [INFO ] [Hooks] - [closeBrowser] Scenario Status is: failed
2022-06-16 16:35:10 [INFO ] [Hooks] - [setUp] Scenario Started: Verify whether user is able to place an order
2022-06-16 16:35:10 [INFO ] [Browser] - [startBrowser] Selected Browser is: chrome
2022-06-16 16:35:15 [INFO ] [Browser] - [startBrowser] Chrome Browser is Started633683828
2022-06-16 16:35:51 [INFO ] [Hooks] - [closeBrowser] Scenario Completed: Verify whether user is able to place an order
2022-06-16 16:35:51 [INFO ] [Hooks] - [closeBrowser] Scenario Status is: failed
2022-06-16 16:49:55 [INFO ] [Hooks] - [setUp] Scenario Started: Verify whether user is able to place an order
2022-06-16 16:49:55 [INFO ] [Browser] - [startBrowser] Selected Browser is: chrome
2022-06-16 16:50:00 [INFO ] [Browser] - [startBrowser] Chrome Browser is Started633683828
2022-06-16 16:50:08 [INFO ] [Hooks] - [closeBrowser] Scenario Completed: Verify whether user is able to place an order
2022-06-16 16:50:08 [INFO ] [Hooks] - [closeBrowser] Scenario Status is: failed
2022-06-16 16:53:35 [INFO ] [Hooks] - [setUp] Scenario Started: Verify whether user is able to place an order
2022-06-16 16:53:35 [INFO ] [Browser] - [startBrowser] Selected Browser is: chrome
2022-06-16 16:53:40 [INFO ] [Browser] - [startBrowser] Chrome Browser is Started633683828
2022-06-16 16:54:17 [INFO ] [Hooks] - [closeBrowser] Scenario Completed: Verify whether user is able to place an order
2022-06-16 16:54:17 [INFO ] [Hooks] - [closeBrowser] Scenario Status is: failed
2022-06-16 19:21:53 [INFO ] [Hooks] - [setUp] Scenario Started: Verify whether user is able to place an order
2022-06-16 19:21:53 [INFO ] [Browser] - [startBrowser] Selected Browser is: chrome
2022-06-16 19:21:59 [INFO ] [Browser] - [startBrowser] Chrome Browser is Started633683828
2022-06-16 19:22:37 [INFO ] [Hooks] - [closeBrowser] Scenario Completed: Verify whether user is able to place an order
2022-06-16 19:22:37 [INFO ] [Hooks] - [closeBrowser] Scenario Status is: failed
2022-06-16 19:31:42 [INFO ] [Hooks] - [setUp] Scenario Started: Verify whether user is able to place an order
2022-06-16 19:31:42 [INFO ] [Browser] - [startBrowser] Selected Browser is: chrome
2022-06-16 19:31:48 [INFO ] [Browser] - [startBrowser] Chrome Browser is Started633683828
2022-06-16 19:31:57 [INFO ] [Hooks] - [closeBrowser] Scenario Completed: Verify whether user is able to place an order
2022-06-16 19:31:57 [INFO ] [Hooks] - [closeBrowser] Scenario Status is: failed
2022-06-16 20:08:55 [INFO ] [Hooks] - [setUp] Scenario Started: Verify whether user is able to place an order
2022-06-16 20:08:55 [INFO ] [Browser] - [startBrowser] Selected Browser is: chrome
2022-06-16 20:09:01 [INFO ] [Browser] - [startBrowser] Chrome Browser is Started633683828
2022-06-16 20:09:38 [INFO ] [Hooks] - [closeBrowser] Scenario Completed: Verify whether user is able to place an order
2022-06-16 20:09:38 [INFO ] [Hooks] - [closeBrowser] Scenario Status is: failed
2022-06-16 20:10:28 [INFO ] [Hooks] - [setUp] Scenario Started: Verify whether user is able to place an order
2022-06-16 20:10:28 [INFO ] [Browser] - [startBrowser] Selected Browser is: chrome
2022-06-16 20:10:34 [INFO ] [Browser] - [startBrowser] Chrome Browser is Started1580153829
2022-06-16 20:11:10 [INFO ] [Hooks] - [closeBrowser] Scenario Completed: Verify whether user is able to place an order
2022-06-16 20:11:10 [INFO ] [Hooks] - [closeBrowser] Scenario Status is: failed
2022-06-16 20:21:05 [INFO ] [Hooks] - [setUp] Scenario Started: Verify whether user is able to place an order
2022-06-16 20:21:05 [INFO ] [Browser] - [startBrowser] Selected Browser is: chrome
2022-06-16 20:21:10 [INFO ] [Browser] - [startBrowser] Chrome Browser is Started633683828
2022-06-16 20:21:18 [INFO ] [Hooks] - [closeBrowser] Scenario Completed: Verify whether user is able to place an order
2022-06-16 20:21:18 [INFO ] [Hooks] - [closeBrowser] Scenario Status is: failed
2022-06-16 20:33:01 [INFO ] [Hooks] - [setUp] Scenario Started: Verify whether user is able to place an order
2022-06-16 20:33:01 [INFO ] [Browser] - [startBrowser] Selected Browser is: chrome
2022-06-16 20:33:06 [INFO ] [Browser] - [startBrowser] Chrome Browser is Started633683828
2022-06-16 20:33:46 [INFO ] [Hooks] - [closeBrowser] Scenario Completed: Verify whether user is able to place an order
2022-06-16 20:33:46 [INFO ] [Hooks] - [closeBrowser] Scenario Status is: failed
2022-06-16 20:36:03 [INFO ] [Hooks] - [setUp] Scenario Started: Verify whether user is able to place an order
2022-06-16 20:36:03 [INFO ] [Browser] - [startBrowser] Selected Browser is: chrome
2022-06-16 20:36:07 [INFO ] [Browser] - [startBrowser] Chrome Browser is Started633683828
2022-06-16 20:36:48 [INFO ] [Hooks] - [closeBrowser] Scenario Completed: Verify whether user is able to place an order
2022-06-16 20:36:48 [INFO ] [Hooks] - [closeBrowser] Scenario Status is: failed
2022-06-16 20:37:14 [INFO ] [Hooks] - [setUp] Scenario Started: Verify whether user is able to place an order
2022-06-16 20:37:14 [INFO ] [Browser] - [startBrowser] Selected Browser is: chrome
2022-06-16 20:37:19 [INFO ] [Browser] - [startBrowser] Chrome Browser is Started633683828
2022-06-16 20:37:59 [INFO ] [Hooks] - [closeBrowser] Scenario Completed: Verify whether user is able to place an order
2022-06-16 20:37:59 [INFO ] [Hooks] - [closeBrowser] Scenario Status is: failed
2022-06-17 10:53:16 [INFO ] [Hooks] - [setUp] Scenario Started: Verify whether user is able to place an order
2022-06-17 10:53:17 [INFO ] [Browser] - [startBrowser] Selected Browser is: chrome
2022-06-17 10:53:55 [INFO ] [Browser] - [startBrowser] Chrome Browser is Started633683828
2022-06-17 10:54:48 [INFO ] [Hooks] - [closeBrowser] Scenario Completed: Verify whether user is able to place an order
2022-06-17 10:54:48 [INFO ] [Hooks] - [closeBrowser] Scenario Status is: failed
2022-06-17 11:05:30 [INFO ] [Hooks] - [setUp] Scenario Started: Verify whether user is able to place an order
2022-06-17 11:05:30 [INFO ] [Browser] - [startBrowser] Selected Browser is: chrome
2022-06-17 11:05:36 [INFO ] [Browser] - [startBrowser] Chrome Browser is Started633683828
2022-06-17 11:05:53 [INFO ] [Hooks] - [closeBrowser] Scenario Completed: Verify whether user is able to place an order
2022-06-17 11:05:53 [INFO ] [Hooks] - [closeBrowser] Scenario Status is: failed
2022-06-17 11:58:47 [INFO ] [Hooks] - [setUp] Scenario Started: Verify whether user is able to place an order
2022-06-17 11:58:47 [INFO ] [Browser] - [startBrowser] Selected Browser is: chrome
2022-06-17 11:58:54 [INFO ] [Browser] - [startBrowser] Chrome Browser is Started633683828
2022-06-17 11:59:08 [INFO ] [Hooks] - [closeBrowser] Scenario Completed: Verify whether user is able to place an order
2022-06-17 11:59:08 [INFO ] [Hooks] - [closeBrowser] Scenario Status is: passed
2022-06-17 12:00:03 [INFO ] [Hooks] - [setUp] Scenario Started: Verify whether user is able to place an order
2022-06-17 12:00:03 [INFO ] [Browser] - [startBrowser] Selected Browser is: chrome
2022-06-17 12:00:08 [INFO ] [Browser] - [startBrowser] Chrome Browser is Started633683828
2022-06-17 12:00:22 [INFO ] [Hooks] - [closeBrowser] Scenario Completed: Verify whether user is able to place an order
2022-06-17 12:00:22 [INFO ] [Hooks] - [closeBrowser] Scenario Status is: passed
2022-06-17 12:42:37 [INFO ] [Hooks] - [setUp] Scenario Started: Verify whether user is able to place an order
2022-06-17 12:42:37 [INFO ] [Browser] - [startBrowser] Selected Browser is: chrome
2022-06-17 12:42:45 [INFO ] [Browser] - [startBrowser] Chrome Browser is Started284034271
2022-06-17 12:43:00 [INFO ] [Hooks] - [closeBrowser] Scenario Completed: Verify whether user is able to place an order
2022-06-17 12:43:00 [INFO ] [Hooks] - [closeBrowser] Scenario Status is: passed
2022-06-17 12:44:56 [INFO ] [Hooks] - [setUp] Scenario Started: Verify whether the User is able to login with valid credentials
2022-06-17 12:44:56 [INFO ] [Browser] - [startBrowser] Selected Browser is: chrome
2022-06-17 12:45:03 [INFO ] [Browser] - [startBrowser] Chrome Browser is Started1491676195
2022-06-17 12:45:09 [INFO ] [Hooks] - [closeBrowser] Scenario Completed: Verify whether the User is able to login with valid credentials
2022-06-17 12:45:09 [INFO ] [Hooks] - [closeBrowser] Scenario Status is: passed
2022-06-17 12:45:10 [INFO ] [Hooks] - [setUp] Scenario Started: Verify that the User is not able to login with invalid credentials
2022-06-17 12:45:10 [INFO ] [Browser] - [startBrowser] Selected Browser is: chrome
2022-06-17 12:45:13 [INFO ] [Browser] - [startBrowser] Chrome Browser is Started1659452474
2022-06-17 12:45:19 [INFO ] [Hooks] - [closeBrowser] Scenario Completed: Verify that the User is not able to login with invalid credentials
2022-06-17 12:45:19 [INFO ] [Hooks] - [closeBrowser] Scenario Status is: passed
2022-06-17 12:45:20 [INFO ] [Hooks] - [setUp] Scenario Started: Verify that the User is not able to login without providing credentials
2022-06-17 12:45:20 [INFO ] [Browser] - [startBrowser] Selected Browser is: chrome
2022-06-17 12:45:22 [INFO ] [Browser] - [startBrowser] Chrome Browser is Started672777312
2022-06-17 12:45:28 [INFO ] [Hooks] - [closeBrowser] Scenario Completed: Verify that the User is not able to login without providing credentials
2022-06-17 12:45:28 [INFO ] [Hooks] - [closeBrowser] Scenario Status is: passed
2022-06-17 12:45:29 [INFO ] [Hooks] - [setUp] Scenario Started: Verify that the User is able to reset forgotten password
2022-06-17 12:45:29 [INFO ] [Browser] - [startBrowser] Selected Browser is: chrome
2022-06-17 12:45:32 [INFO ] [Browser] - [startBrowser] Chrome Browser is Started623446986
2022-06-17 12:45:38 [INFO ] [Hooks] - [closeBrowser] Scenario Completed: Verify that the User is able to reset forgotten password
2022-06-17 12:45:38 [INFO ] [Hooks] - [closeBrowser] Scenario Status is: passed
2022-06-17 12:45:39 [INFO ] [Hooks] - [setUp] Scenario Started: Verify whether user is able to place an order
2022-06-17 12:45:39 [INFO ] [Browser] - [startBrowser] Selected Browser is: chrome
2022-06-17 12:45:41 [INFO ] [Browser] - [startBrowser] Chrome Browser is Started156855528
2022-06-17 12:45:56 [INFO ] [Hooks] - [closeBrowser] Scenario Completed: Verify whether user is able to place an order
2022-06-17 12:45:56 [INFO ] [Hooks] - [closeBrowser] Scenario Status is: passed
2022-06-17 12:45:57 [INFO ] [Hooks] - [setUp] Scenario Started: Verify whether the user is able to register into the application by providing all the fields
2022-06-17 12:45:57 [INFO ] [Browser] - [startBrowser] Selected Browser is: chrome
2022-06-17 12:46:00 [INFO ] [Browser] - [startBrowser] Chrome Browser is Started303805531
2022-06-17 12:46:06 [INFO ] [Hooks] - [closeBrowser] Scenario Completed: Verify whether the user is able to register into the application by providing all the fields
2022-06-17 12:46:06 [INFO ] [Hooks] - [closeBrowser] Scenario Status is: passed
2022-06-17 12:46:08 [INFO ] [Hooks] - [setUp] Scenario Started: Verify whether the user is not allowed to register on skipping mandatory fields
2022-06-17 12:46:08 [INFO ] [Browser] - [startBrowser] Selected Browser is: chrome
2022-06-17 12:46:10 [INFO ] [Browser] - [startBrowser] Chrome Browser is Started1290358063
2022-06-17 12:46:16 [INFO ] [Hooks] - [closeBrowser] Scenario Completed: Verify whether the user is not allowed to register on skipping mandatory fields
2022-06-17 12:46:16 [INFO ] [Hooks] - [closeBrowser] Scenario Status is: passed
2022-06-17 12:46:17 [INFO ] [Hooks] - [setUp] Scenario Started: Verify whether the user is able to register into the application by opting for Newsletter subscription
2022-06-17 12:46:17 [INFO ] [Browser] - [startBrowser] Selected Browser is: chrome
2022-06-17 12:46:19 [INFO ] [Browser] - [startBrowser] Chrome Browser is Started378006273
2022-06-17 12:46:26 [INFO ] [Hooks] - [closeBrowser] Scenario Completed: Verify whether the user is able to register into the application by opting for Newsletter subscription
2022-06-17 12:46:26 [INFO ] [Hooks] - [closeBrowser] Scenario Status is: passed
2022-06-17 12:46:27 [INFO ] [Hooks] - [setUp] Scenario Started: Verify whether the user is restricted from registring a duplicate account
2022-06-17 12:46:27 [INFO ] [Browser] - [startBrowser] Selected Browser is: chrome
2022-06-17 12:46:30 [INFO ] [Browser] - [startBrowser] Chrome Browser is Started689140691
2022-06-17 12:46:37 [INFO ] [Hooks] - [closeBrowser] Scenario Completed: Verify whether the user is restricted from registring a duplicate account
2022-06-17 12:46:37 [INFO ] [Hooks] - [closeBrowser] Scenario Status is: passed
2022-06-17 12:46:38 [INFO ] [Hooks] - [setUp] Scenario Started: Verify whether the User is able to search for products
2022-06-17 12:46:38 [INFO ] [Browser] - [startBrowser] Selected Browser is: chrome
2022-06-17 12:46:40 [INFO ] [Browser] - [startBrowser] Chrome Browser is Started1976870927
2022-06-17 12:46:45 [INFO ] [Hooks] - [closeBrowser] Scenario Completed: Verify whether the User is able to search for products
2022-06-17 12:46:45 [INFO ] [Hooks] - [closeBrowser] Scenario Status is: passed
2022-06-17 12:46:46 [INFO ] [Hooks] - [setUp] Scenario Started: Verify whether the User is informed when the product being searched is not available
2022-06-17 12:46:46 [INFO ] [Browser] - [startBrowser] Selected Browser is: chrome
2022-06-17 12:46:49 [INFO ] [Browser] - [startBrowser] Chrome Browser is Started472262461
2022-06-17 12:46:53 [INFO ] [Hooks] - [closeBrowser] Scenario Completed: Verify whether the User is informed when the product being searched is not available
2022-06-17 12:46:53 [INFO ] [Hooks] - [closeBrowser] Scenario Status is: passed
